mode: atomic
github.com/hashgraph/hedera-mirror-node/hedera-mirror-rosetta/app/domain/services/encoding/entityid.go:46.77,49.43 1 11
github.com/hashgraph/hedera-mirror-node/hedera-mirror-rosetta/app/domain/services/encoding/entityid.go:52.2,54.52 1 5
github.com/hashgraph/hedera-mirror-node/hedera-mirror-rosetta/app/domain/services/encoding/entityid.go:49.43,51.3 1 6
github.com/hashgraph/hedera-mirror-node/hedera-mirror-rosetta/app/domain/services/encoding/entityid.go:58.49,59.19 1 7
github.com/hashgraph/hedera-mirror-node/hedera-mirror-rosetta/app/domain/services/encoding/entityid.go:63.2,67.8 1 6
github.com/hashgraph/hedera-mirror-node/hedera-mirror-rosetta/app/domain/services/encoding/entityid.go:59.19,61.3 1 1
github.com/hashgraph/hedera-mirror-node/hedera-mirror-rosetta/app/domain/services/encoding/entityid.go:70.53,72.22 2 0
github.com/hashgraph/hedera-mirror-node/hedera-mirror-rosetta/app/domain/services/encoding/entityid.go:76.2,77.16 2 0
github.com/hashgraph/hedera-mirror-node/hedera-mirror-rosetta/app/domain/services/encoding/entityid.go:80.2,81.16 2 0
github.com/hashgraph/hedera-mirror-node/hedera-mirror-rosetta/app/domain/services/encoding/entityid.go:84.2,85.16 2 0
github.com/hashgraph/hedera-mirror-node/hedera-mirror-rosetta/app/domain/services/encoding/entityid.go:89.2,93.8 1 0
github.com/hashgraph/hedera-mirror-node/hedera-mirror-rosetta/app/domain/services/encoding/entityid.go:72.22,74.3 1 0
github.com/hashgraph/hedera-mirror-node/hedera-mirror-rosetta/app/domain/services/encoding/entityid.go:77.16,79.3 1 0
github.com/hashgraph/hedera-mirror-node/hedera-mirror-rosetta/app/domain/services/encoding/entityid.go:81.16,83.3 1 0
github.com/hashgraph/hedera-mirror-node/hedera-mirror-rosetta/app/domain/services/encoding/entityid.go:85.16,87.3 1 0
github.com/hashgraph/hedera-mirror-node/hedera-mirror-rosetta/app/persistence/transaction/transaction.go:72.39,74.2 1 0
github.com/hashgraph/hedera-mirror-node/hedera-mirror-rosetta/app/persistence/transaction/transaction.go:77.43,79.2 1 0
github.com/hashgraph/hedera-mirror-node/hedera-mirror-rosetta/app/persistence/transaction/transaction.go:82.45,84.2 1 0
github.com/hashgraph/hedera-mirror-node/hedera-mirror-rosetta/app/persistence/transaction/transaction.go:86.46,88.2 1 0
github.com/hashgraph/hedera-mirror-node/hedera-mirror-rosetta/app/persistence/transaction/transaction.go:96.73,98.2 1 0
github.com/hashgraph/hedera-mirror-node/hedera-mirror-rosetta/app/persistence/transaction/transaction.go:102.57,105.31 3 0
github.com/hashgraph/hedera-mirror-node/hedera-mirror-rosetta/app/persistence/transaction/transaction.go:108.2,108.13 1 0
github.com/hashgraph/hedera-mirror-node/hedera-mirror-rosetta/app/persistence/transaction/transaction.go:105.31,107.3 1 0
github.com/hashgraph/hedera-mirror-node/hedera-mirror-rosetta/app/persistence/transaction/transaction.go:113.60,116.27 3 0
github.com/hashgraph/hedera-mirror-node/hedera-mirror-rosetta/app/persistence/transaction/transaction.go:119.2,119.13 1 0
github.com/hashgraph/hedera-mirror-node/hedera-mirror-rosetta/app/persistence/transaction/transaction.go:116.27,118.3 1 0
github.com/hashgraph/hedera-mirror-node/hedera-mirror-rosetta/app/persistence/transaction/transaction.go:122.58,124.2 1 0
github.com/hashgraph/hedera-mirror-node/hedera-mirror-rosetta/app/persistence/transaction/transaction.go:127.108,128.17 1 0
github.com/hashgraph/hedera-mirror-node/hedera-mirror-rosetta/app/persistence/transaction/transaction.go:131.2,135.33 4 0
github.com/hashgraph/hedera-mirror-node/hedera-mirror-rosetta/app/persistence/transaction/transaction.go:139.2,140.51 2 0
github.com/hashgraph/hedera-mirror-node/hedera-mirror-rosetta/app/persistence/transaction/transaction.go:147.2,147.17 1 0
github.com/hashgraph/hedera-mirror-node/hedera-mirror-rosetta/app/persistence/transaction/transaction.go:128.17,130.3 1 0
github.com/hashgraph/hedera-mirror-node/hedera-mirror-rosetta/app/persistence/transaction/transaction.go:135.33,138.3 2 0
github.com/hashgraph/hedera-mirror-node/hedera-mirror-rosetta/app/persistence/transaction/transaction.go:140.51,142.17 2 0
github.com/hashgraph/hedera-mirror-node/hedera-mirror-rosetta/app/persistence/transaction/transaction.go:145.3,145.33 1 0
github.com/hashgraph/hedera-mirror-node/hedera-mirror-rosetta/app/persistence/transaction/transaction.go:142.17,144.4 1 0
github.com/hashgraph/hedera-mirror-node/hedera-mirror-rosetta/app/persistence/transaction/transaction.go:151.146,154.16 3 0
github.com/hashgraph/hedera-mirror-node/hedera-mirror-rosetta/app/persistence/transaction/transaction.go:157.2,160.28 3 0
github.com/hashgraph/hedera-mirror-node/hedera-mirror-rosetta/app/persistence/transaction/transaction.go:164.2,165.17 2 0
github.com/hashgraph/hedera-mirror-node/hedera-mirror-rosetta/app/persistence/transaction/transaction.go:168.2,168.25 1 0
github.com/hashgraph/hedera-mirror-node/hedera-mirror-rosetta/app/persistence/transaction/transaction.go:154.16,156.3 1 0
github.com/hashgraph/hedera-mirror-node/hedera-mirror-rosetta/app/persistence/transaction/transaction.go:160.28,162.3 1 0
github.com/hashgraph/hedera-mirror-node/hedera-mirror-rosetta/app/persistence/transaction/transaction.go:165.17,167.3 1 0
github.com/hashgraph/hedera-mirror-node/hedera-mirror-rosetta/app/persistence/transaction/transaction.go:172.117,174.33 2 6
github.com/hashgraph/hedera-mirror-node/hedera-mirror-rosetta/app/persistence/transaction/transaction.go:181.2,181.30 1 6
github.com/hashgraph/hedera-mirror-node/hedera-mirror-rosetta/app/persistence/transaction/transaction.go:174.33,175.69 1 12
github.com/hashgraph/hedera-mirror-node/hedera-mirror-rosetta/app/persistence/transaction/transaction.go:178.3,179.11 2 7
github.com/hashgraph/hedera-mirror-node/hedera-mirror-rosetta/app/persistence/transaction/transaction.go:175.69,176.12 1 5
github.com/hashgraph/hedera-mirror-node/hedera-mirror-rosetta/app/persistence/transaction/transaction.go:184.99,189.2 4 0
github.com/hashgraph/hedera-mirror-node/hedera-mirror-rosetta/app/persistence/transaction/transaction.go:191.79,195.2 3 0
github.com/hashgraph/hedera-mirror-node/hedera-mirror-rosetta/app/persistence/transaction/transaction.go:197.83,201.2 3 0
github.com/hashgraph/hedera-mirror-node/hedera-mirror-rosetta/app/persistence/transaction/transaction.go:203.127,208.41 4 0
github.com/hashgraph/hedera-mirror-node/hedera-mirror-rosetta/app/persistence/transaction/transaction.go:212.2,214.16 3 0
github.com/hashgraph/hedera-mirror-node/hedera-mirror-rosetta/app/persistence/transaction/transaction.go:217.2,219.21 2 0
github.com/hashgraph/hedera-mirror-node/hedera-mirror-rosetta/app/persistence/transaction/transaction.go:208.41,211.3 2 0
github.com/hashgraph/hedera-mirror-node/hedera-mirror-rosetta/app/persistence/transaction/transaction.go:214.16,216.3 1 0
github.com/hashgraph/hedera-mirror-node/hedera-mirror-rosetta/app/persistence/transaction/transaction.go:222.171,227.37 4 0
github.com/hashgraph/hedera-mirror-node/hedera-mirror-rosetta/app/persistence/transaction/transaction.go:236.2,236.24 1 0
github.com/hashgraph/hedera-mirror-node/hedera-mirror-rosetta/app/persistence/transaction/transaction.go:227.37,229.17 2 0
github.com/hashgraph/hedera-mirror-node/hedera-mirror-rosetta/app/persistence/transaction/transaction.go:232.3,234.151 3 0
github.com/hashgraph/hedera-mirror-node/hedera-mirror-rosetta/app/persistence/transaction/transaction.go:229.17,231.4 1 0
github.com/hashgraph/hedera-mirror-node/hedera-mirror-rosetta/app/persistence/transaction/transaction.go:239.72,241.16 2 0
github.com/hashgraph/hedera-mirror-node/hedera-mirror-rosetta/app/persistence/transaction/transaction.go:245.2,245.17 1 0
github.com/hashgraph/hedera-mirror-node/hedera-mirror-rosetta/app/persistence/transaction/transaction.go:241.16,244.3 2 0
github.com/hashgraph/hedera-mirror-node/hedera-mirror-rosetta/app/persistence/transaction/transaction.go:248.40,250.25 2 0
github.com/hashgraph/hedera-mirror-node/hedera-mirror-rosetta/app/persistence/transaction/transaction.go:253.2,253.29 1 0
github.com/hashgraph/hedera-mirror-node/hedera-mirror-rosetta/app/persistence/transaction/transaction.go:250.25,252.3 1 0
